[2018-06-13 14:26:56,186] (main)(Configuration.java): ConfigDescriptor [sleep=5, logPath=/data/aee_exp/,/data/core/,data/aee_exp,data/vendor/mtklog/aee_exp,/data/tombstones/,/data/mdlog/bootupLog/,/mnt/sdcard0/mtklog/,/mnt/sdcard/mtklog/,/mnt/sdcard2/mtklog/,/mnt/sdcard/mtklog/taglog/,/mnt/sdcard1/mtklog/,/mnt/m_external_sd/mtklog,, pcStoragePath=C:\Users\moon\Desktop\test\monkey\log, pull_modem_log=true]
[2018-06-13 14:26:56,188] (main)(Main.java): LoNg version: v2.1710.5
[2018-06-13 14:26:56,192] (main)(AdbAdapter.java): shell cmd:  C:\Users\moon\Desktop\test\monkey\log\adb devices
[2018-06-13 14:26:56,333] (main)(AdbOP.java): device SN: 564444444444444
[2018-06-13 14:26:56,336] (thread_564444444444444)(AdbAdapter.java): shell cmd:  C:\Users\moon\Desktop\test\monkey\log\adb -s 564444444444444 shell am broadcast -a com.mediatek.mtklogger.ADB_CMD -e cmd_name switch_taglog --ei cmd_target 1 -f 0x04000000
[2018-06-13 14:26:56,640] (thread_564444444444444)(AdbAdapter.java): shell cmd:  C:\Users\moon\Desktop\test\monkey\log\adb -s 564444444444444 shell ls -R -l /data/aee_exp/ /data/core/ data/vendor/mtklog/aee_exp/ /data/tombstones/ /data/mdlog/bootupLog/ /mnt/sdcard0/mtklog/ /mnt/m_external_sd/mtklog/ /mnt/sdcard/mtklog/ /mnt/sdcard2/mtklog/ data/aee_exp/ /mnt/sdcard/mtklog/taglog/ /mnt/sdcard1/mtklog/
[2018-06-13 14:26:56,915] (thread_564444444444444)(AdbAdapter.java): shell cmd:  C:\Users\moon\Desktop\test\monkey\log\adb -s 564444444444444 shell id
[2018-06-13 14:26:57,123] (thread_564444444444444)(ProcessRun.java): found .dbg file: /mnt/sdcard/mtklog/taglog/db.fatal.01.SWT.dbg
[2018-06-13 14:26:57,123] (thread_564444444444444)(AdbOP.java): restart mtklogger SN: 564444444444444
[2018-06-13 14:27:37,124] (thread_564444444444444)(AdbAdapter.java): shell cmd:  C:\Users\moon\Desktop\test\monkey\log\adb -s 564444444444444 shell am broadcast -a com.mediatek.mtklogger.ADB_CMD -e cmd_name stop --ei cmd_target 7 -f 0x04000000
[2018-06-13 14:27:57,026] (thread_564444444444444)(AdbAdapter.java): shell cmd:  C:\Users\moon\Desktop\test\monkey\log\adb -s 564444444444444 shell am broadcast -a com.mediatek.mtklogger.ADB_CMD -e cmd_name start --ei cmd_target 1 -f 0x04000000
[2018-06-13 14:28:02,364] (thread_564444444444444)(AdbAdapter.java): shell cmd:  C:\Users\moon\Desktop\test\monkey\log\adb -s 564444444444444 shell ls -R -l /data/aee_exp/ /data/core/ data/vendor/mtklog/aee_exp/ /data/tombstones/ /data/mdlog/bootupLog/ /mnt/sdcard0/mtklog/ /mnt/m_external_sd/mtklog/ /mnt/sdcard/mtklog/ /mnt/sdcard2/mtklog/ data/aee_exp/ /mnt/sdcard/mtklog/taglog/ /mnt/sdcard1/mtklog/
[2018-06-13 14:28:02,670] (thread_564444444444444)(AdbAdapter.java): shell cmd:  C:\Users\moon\Desktop\test\monkey\log\adb -s 564444444444444 shell date +%Y-%m-%d-%H:%M:%S
[2018-06-13 14:28:02,937] (thread_564444444444444)(ProcessRun.java): get devices time success!!
[2018-06-13 14:28:02,976] (thread_564444444444444)(ProcessRun.java): skip file! modify in future: /mnt/sdcard/mtklog/taglog/db_history ll: -rw-r--r-- 1 root root 0 2018-05-29 14:41 db_history devices now: 2018年1月2日 上午1:32:41
[2018-06-13 14:28:02,978] (thread_564444444444444)(ProcessRun.java): skip root folder: /mnt/sdcard/mtklog/mobilelog/
[2018-06-13 14:28:02,981] (thread_564444444444444)(ProcessRun.java): skip currentMobilelogFolder: /mnt/sdcard/mtklog/mobilelog/APLog_2018_0102_011832__15/
[2018-06-13 14:28:03,009] (thread_564444444444444)(AdbAdapter.java): shell cmd:  C:\Users\moon\Desktop\test\monkey\log\adb -s 564444444444444 shell mv /mnt/sdcard/mtklog/taglog/db_history /mnt/sdcard/mtklog/taglog/db_history.21
[2018-06-13 14:28:03,257] (thread_564444444444444)(AdbAdapter.java): shell cmd:  C:\Users\moon\Desktop\test\monkey\log\adb -s 564444444444444 shell mv /mnt/sdcard/mtklog/taglog/ZZ_INTERNAL /mnt/sdcard/mtklog/taglog/ZZ_INTERNAL.21
[2018-06-13 14:28:03,520] (thread_564444444444444)(AdbAdapter.java): shell cmd:  C:\Users\moon\Desktop\test\monkey\log\adb -s 564444444444444 shell mv /mnt/sdcard/mtklog/mobilelog/APLog_2018_0102_011832__15/sys_log_4__2018_0102_013230 /mnt/sdcard/mtklog/mobilelog/APLog_2018_0102_011832__15/sys_log_4__2018_0102_013230.LoNg
[2018-06-13 14:28:03,782] (thread_564444444444444)(AdbAdapter.java): shell cmd:  C:\Users\moon\Desktop\test\monkey\log\adb -s 564444444444444 shell mv /mnt/sdcard/mtklog/mobilelog/APLog_2018_0102_011832__15/sspm_log_9__2018_0102_013230 /mnt/sdcard/mtklog/mobilelog/APLog_2018_0102_011832__15/sspm_log_9__2018_0102_013230.LoNg
[2018-06-13 14:28:04,032] (thread_564444444444444)(AdbAdapter.java): shell cmd:  C:\Users\moon\Desktop\test\monkey\log\adb -s 564444444444444 shell mv /mnt/sdcard/mtklog/mobilelog/APLog_2018_0102_011832__15/radio_log_2__2018_0102_013230 /mnt/sdcard/mtklog/mobilelog/APLog_2018_0102_011832__15/radio_log_2__2018_0102_013230.LoNg
[2018-06-13 14:28:04,256] (thread_564444444444444)(AdbAdapter.java): shell cmd:  C:\Users\moon\Desktop\test\monkey\log\adb -s 564444444444444 shell mv /mnt/sdcard/mtklog/mobilelog/APLog_2018_0102_011832__15/main_log_1__2018_0102_013230 /mnt/sdcard/mtklog/mobilelog/APLog_2018_0102_011832__15/main_log_1__2018_0102_013230.LoNg
[2018-06-13 14:28:04,477] (thread_564444444444444)(AdbAdapter.java): shell cmd:  C:\Users\moon\Desktop\test\monkey\log\adb -s 564444444444444 shell mv /mnt/sdcard/mtklog/mobilelog/APLog_2018_0102_011832__15/kernel_log_6__2018_0102_013230 /mnt/sdcard/mtklog/mobilelog/APLog_2018_0102_011832__15/kernel_log_6__2018_0102_013230.LoNg
[2018-06-13 14:28:04,723] (thread_564444444444444)(AdbAdapter.java): shell cmd:  C:\Users\moon\Desktop\test\monkey\log\adb -s 564444444444444 shell mv /mnt/sdcard/mtklog/mobilelog/APLog_2018_0102_011832__15/events_log_3__2018_0102_013230 /mnt/sdcard/mtklog/mobilelog/APLog_2018_0102_011832__15/events_log_3__2018_0102_013230.LoNg
[2018-06-13 14:28:04,968] (thread_564444444444444)(AdbAdapter.java): shell cmd:  C:\Users\moon\Desktop\test\monkey\log\adb -s 564444444444444 shell mv /mnt/sdcard/mtklog/mobilelog/APLog_2018_0102_011832__15/crash_log_5__2018_0102_013230 /mnt/sdcard/mtklog/mobilelog/APLog_2018_0102_011832__15/crash_log_5__2018_0102_013230.LoNg
[2018-06-13 14:28:05,215] (thread_564444444444444)(AdbAdapter.java): shell cmd:  C:\Users\moon\Desktop\test\monkey\log\adb -s 564444444444444 shell mv /mnt/sdcard/mtklog/mobilelog/APLog_2018_0102_011832__15/bsp_log_8__2018_0102_013230 /mnt/sdcard/mtklog/mobilelog/APLog_2018_0102_011832__15/bsp_log_8__2018_0102_013230.LoNg
[2018-06-13 14:28:05,468] (thread_564444444444444)(AdbAdapter.java): shell cmd:  C:\Users\moon\Desktop\test\monkey\log\adb -s 564444444444444 shell mv /mnt/sdcard/mtklog/mobilelog/APLog_2018_0102_011832__15/atf_log_7__2018_0102_013230 /mnt/sdcard/mtklog/mobilelog/APLog_2018_0102_011832__15/atf_log_7__2018_0102_013230.LoNg
[2018-06-13 14:28:05,775] (thread_564444444444444)(AdbAdapter.java): shell cmd:  C:\Users\moon\Desktop\test\monkey\log\adb -s 564444444444444 pull /mnt/sdcard/mtklog/taglog/db_history C:\Users\moon\Desktop\test\monkey\log/MTBF-log/20180613_142656/564444444444444/mtklog_20180613_142802/mnt/sdcard/mtklog/taglog/db_history
[2018-06-13 14:28:05,932] (thread_564444444444444)(AdbOP.java): File: db_history file_size: 177 pulled_size: 0
[2018-06-13 14:28:05,936] (thread_564444444444444)(AdbOP.java): Size not equal ! sn: 564444444444444 adb: error: failed to stat remote object '/mnt/sdcard/mtklog/taglog/db_history': No such file or directory
[2018-06-13 14:28:05,936] (thread_564444444444444)(AdbAdapter.java): shell cmd:  C:\Users\moon\Desktop\test\monkey\log\adb -s 564444444444444 pull /mnt/sdcard/mtklog/taglog/db_history C:\Users\moon\Desktop\test\monkey\log/MTBF-log/20180613_142656/564444444444444/mtklog_20180613_142802/mnt/sdcard/mtklog/taglog/db_history
[2018-06-13 14:28:06,093] (thread_564444444444444)(AdbOP.java): File: db_history file_size: 177 pulled_size: 0
[2018-06-13 14:28:06,093] (thread_564444444444444)(AdbOP.java): Size not equal ! sn: 564444444444444 adb: error: failed to stat remote object '/mnt/sdcard/mtklog/taglog/db_history': No such file or directory
[2018-06-13 14:28:07,094] (thread_564444444444444)(AdbAdapter.java): shell cmd:  C:\Users\moon\Desktop\test\monkey\log\adb -s 564444444444444 pull /mnt/sdcard/mtklog/taglog/db_history.21 C:\Users\moon\Desktop\test\monkey\log/MTBF-log/20180613_142656/564444444444444/mtklog_20180613_142802/mnt/sdcard/mtklog/taglog/db_history.21
[2018-06-13 14:28:07,275] (thread_564444444444444)(AdbOP.java): File: db_history.21 file_size: 0 pulled_size: 0
[2018-06-13 14:28:07,275] (thread_564444444444444)(AdbOP.java): Size not equal ! sn: 564444444444444 adb: error: failed to stat remote object '/mnt/sdcard/mtklog/taglog/db_history.21': No such file or directory
[2018-06-13 14:28:07,275] (thread_564444444444444)(AdbAdapter.java): shell cmd:  C:\Users\moon\Desktop\test\monkey\log\adb -s 564444444444444 pull /mnt/sdcard/mtklog/taglog/db_history.21 C:\Users\moon\Desktop\test\monkey\log/MTBF-log/20180613_142656/564444444444444/mtklog_20180613_142802/mnt/sdcard/mtklog/taglog/db_history.21
[2018-06-13 14:28:07,440] (thread_564444444444444)(AdbOP.java): File: db_history.21 file_size: 0 pulled_size: 0
[2018-06-13 14:28:07,440] (thread_564444444444444)(AdbOP.java): Size not equal ! sn: 564444444444444 adb: error: failed to stat remote object '/mnt/sdcard/mtklog/taglog/db_history.21': No such file or directory
[2018-06-13 14:28:08,442] (thread_564444444444444)(AdbAdapter.java): shell cmd:  C:\Users\moon\Desktop\test\monkey\log\adb -s 564444444444444 pull /mnt/sdcard/mtklog/taglog/db.fatal.01.SWT.dbg C:\Users\moon\Desktop\test\monkey\log/MTBF-log/20180613_142656/564444444444444/mtklog_20180613_142802/mnt/sdcard/mtklog/taglog/db.fatal.01.SWT.dbg
[2018-06-13 14:28:08,624] (thread_564444444444444)(AdbOP.java): File: db.fatal.01.SWT.dbg file_size: 1825319 pulled_size: 0
[2018-06-13 14:28:08,624] (thread_564444444444444)(AdbOP.java): Size not equal ! sn: 564444444444444 adb: error: failed to stat remote object '/mnt/sdcard/mtklog/taglog/db.fatal.01.SWT.dbg': No such file or directory
[2018-06-13 14:28:08,624] (thread_564444444444444)(AdbAdapter.java): shell cmd:  C:\Users\moon\Desktop\test\monkey\log\adb -s 564444444444444 pull /mnt/sdcard/mtklog/taglog/db.fatal.01.SWT.dbg C:\Users\moon\Desktop\test\monkey\log/MTBF-log/20180613_142656/564444444444444/mtklog_20180613_142802/mnt/sdcard/mtklog/taglog/db.fatal.01.SWT.dbg
[2018-06-13 14:28:08,770] (thread_564444444444444)(AdbOP.java): File: db.fatal.01.SWT.dbg file_size: 1825319 pulled_size: 0
[2018-06-13 14:28:08,770] (thread_564444444444444)(AdbOP.java): Size not equal ! sn: 564444444444444 adb: error: failed to stat remote object '/mnt/sdcard/mtklog/taglog/db.fatal.01.SWT.dbg': No such file or directory
[2018-06-13 14:28:09,772] (thread_564444444444444)(AdbAdapter.java): shell cmd:  C:\Users\moon\Desktop\test\monkey\log\adb -s 564444444444444 pull /mnt/sdcard/mtklog/taglog/db.fatal.00.SWT.dbg C:\Users\moon\Desktop\test\monkey\log/MTBF-log/20180613_142656/564444444444444/mtklog_20180613_142802/mnt/sdcard/mtklog/taglog/db.fatal.00.SWT.dbg
[2018-06-13 14:28:09,970] (thread_564444444444444)(AdbOP.java): File: db.fatal.00.SWT.dbg file_size: 2548950 pulled_size: 0
[2018-06-13 14:28:09,970] (thread_564444444444444)(AdbOP.java): Size not equal ! sn: 564444444444444 adb: error: failed to stat remote object '/mnt/sdcard/mtklog/taglog/db.fatal.00.SWT.dbg': No such file or directory
[2018-06-13 14:28:09,970] (thread_564444444444444)(AdbAdapter.java): shell cmd:  C:\Users\moon\Desktop\test\monkey\log\adb -s 564444444444444 pull /mnt/sdcard/mtklog/taglog/db.fatal.00.SWT.dbg C:\Users\moon\Desktop\test\monkey\log/MTBF-log/20180613_142656/564444444444444/mtklog_20180613_142802/mnt/sdcard/mtklog/taglog/db.fatal.00.SWT.dbg
[2018-06-13 14:28:10,123] (thread_564444444444444)(AdbOP.java): File: db.fatal.00.SWT.dbg file_size: 2548950 pulled_size: 0
[2018-06-13 14:28:10,123] (thread_564444444444444)(AdbOP.java): Size not equal ! sn: 564444444444444 adb: error: failed to stat remote object '/mnt/sdcard/mtklog/taglog/db.fatal.00.SWT.dbg': No such file or directory
[2018-06-13 14:28:11,125] (thread_564444444444444)(AdbAdapter.java): shell cmd:  C:\Users\moon\Desktop\test\monkey\log\adb -s 564444444444444 pull /mnt/sdcard/mtklog/taglog/aee.lck C:\Users\moon\Desktop\test\monkey\log/MTBF-log/20180613_142656/564444444444444/mtklog_20180613_142802/mnt/sdcard/mtklog/taglog/aee.lck
[2018-06-13 14:28:11,309] (thread_564444444444444)(AdbOP.java): File: aee.lck file_size: 0 pulled_size: 0
[2018-06-13 14:28:11,309] (thread_564444444444444)(AdbOP.java): Size not equal ! sn: 564444444444444 adb: error: failed to stat remote object '/mnt/sdcard/mtklog/taglog/aee.lck': No such file or directory
[2018-06-13 14:28:11,309] (thread_564444444444444)(AdbAdapter.java): shell cmd:  C:\Users\moon\Desktop\test\monkey\log\adb -s 564444444444444 pull /mnt/sdcard/mtklog/taglog/aee.lck C:\Users\moon\Desktop\test\monkey\log/MTBF-log/20180613_142656/564444444444444/mtklog_20180613_142802/mnt/sdcard/mtklog/taglog/aee.lck
[2018-06-13 14:28:11,460] (thread_564444444444444)(AdbOP.java): File: aee.lck file_size: 0 pulled_size: 0
[2018-06-13 14:28:11,461] (thread_564444444444444)(AdbOP.java): Size not equal ! sn: 564444444444444 adb: error: failed to stat remote object '/mnt/sdcard/mtklog/taglog/aee.lck': No such file or directory
[2018-06-13 14:28:12,461] (thread_564444444444444)(AdbAdapter.java): shell cmd:  C:\Users\moon\Desktop\test\monkey\log\adb -s 564444444444444 pull /mnt/sdcard/mtklog/taglog/ZZ_INTERNAL C:\Users\moon\Desktop\test\monkey\log/MTBF-log/20180613_142656/564444444444444/mtklog_20180613_142802/mnt/sdcard/mtklog/taglog/ZZ_INTERNAL
[2018-06-13 14:28:12,648] (thread_564444444444444)(AdbOP.java): File: ZZ_INTERNAL file_size: 147 pulled_size: 0
[2018-06-13 14:28:12,649] (thread_564444444444444)(AdbOP.java): Size not equal ! sn: 564444444444444 adb: error: failed to stat remote object '/mnt/sdcard/mtklog/taglog/ZZ_INTERNAL': No such file or directory
[2018-06-13 14:28:12,649] (thread_564444444444444)(AdbAdapter.java): shell cmd:  C:\Users\moon\Desktop\test\monkey\log\adb -s 564444444444444 pull /mnt/sdcard/mtklog/taglog/ZZ_INTERNAL C:\Users\moon\Desktop\test\monkey\log/MTBF-log/20180613_142656/564444444444444/mtklog_20180613_142802/mnt/sdcard/mtklog/taglog/ZZ_INTERNAL
[2018-06-13 14:28:12,817] (thread_564444444444444)(AdbOP.java): File: ZZ_INTERNAL file_size: 147 pulled_size: 0
[2018-06-13 14:28:12,817] (thread_564444444444444)(AdbOP.java): Size not equal ! sn: 564444444444444 adb: error: failed to stat remote object '/mnt/sdcard/mtklog/taglog/ZZ_INTERNAL': No such file or directory
[2018-06-13 14:28:13,818] (thread_564444444444444)(AdbAdapter.java): shell cmd:  C:\Users\moon\Desktop\test\monkey\log\adb -s 564444444444444 pull /mnt/sdcard/mtklog/taglog/ZZ_INTERNAL.21 C:\Users\moon\Desktop\test\monkey\log/MTBF-log/20180613_142656/564444444444444/mtklog_20180613_142802/mnt/sdcard/mtklog/taglog/ZZ_INTERNAL.21
[2018-06-13 14:28:13,989] (thread_564444444444444)(AdbOP.java): File: ZZ_INTERNAL.21 file_size: 148 pulled_size: 0
[2018-06-13 14:28:13,989] (thread_564444444444444)(AdbOP.java): Size not equal ! sn: 564444444444444 adb: error: failed to stat remote object '/mnt/sdcard/mtklog/taglog/ZZ_INTERNAL.21': No such file or directory
[2018-06-13 14:28:13,989] (thread_564444444444444)(AdbAdapter.java): shell cmd:  C:\Users\moon\Desktop\test\monkey\log\adb -s 564444444444444 pull /mnt/sdcard/mtklog/taglog/ZZ_INTERNAL.21 C:\Users\moon\Desktop\test\monkey\log/MTBF-log/20180613_142656/564444444444444/mtklog_20180613_142802/mnt/sdcard/mtklog/taglog/ZZ_INTERNAL.21
[2018-06-13 14:28:14,156] (thread_564444444444444)(AdbOP.java): File: ZZ_INTERNAL.21 file_size: 148 pulled_size: 0
[2018-06-13 14:28:14,156] (thread_564444444444444)(AdbOP.java): Size not equal ! sn: 564444444444444 adb: error: failed to stat remote object '/mnt/sdcard/mtklog/taglog/ZZ_INTERNAL.21': No such file or directory
[2018-06-13 14:28:15,164] (thread_564444444444444)(AdbAdapter.java): shell cmd:  C:\Users\moon\Desktop\test\monkey\log\adb -s 564444444444444 pull /mnt/sdcard/mtklog/mobilelog/APLog_2018_0102_011832__15/sys_log_4__2018_0102_013230.LoNg C:\Users\moon\Desktop\test\monkey\log/MTBF-log/20180613_142656/564444444444444/mtklog_20180613_142802/mnt/sdcard/mtklog/mobilelog/APLog_2018_0102_011832__15/sys_log_4__2018_0102_013230.LoNg
[2018-06-13 14:28:16,402] (thread_564444444444444)(AdbAdapter.java): shell cmd:  C:\Users\moon\Desktop\test\monkey\log\adb -s 564444444444444 pull /mnt/sdcard/mtklog/mobilelog/APLog_2018_0102_011832__15/sspm_log_9__2018_0102_013230.LoNg C:\Users\moon\Desktop\test\monkey\log/MTBF-log/20180613_142656/564444444444444/mtklog_20180613_142802/mnt/sdcard/mtklog/mobilelog/APLog_2018_0102_011832__15/sspm_log_9__2018_0102_013230.LoNg
[2018-06-13 14:28:17,588] (thread_564444444444444)(AdbAdapter.java): shell cmd:  C:\Users\moon\Desktop\test\monkey\log\adb -s 564444444444444 pull /mnt/sdcard/mtklog/mobilelog/APLog_2018_0102_011832__15/radio_log_2__2018_0102_013230.LoNg C:\Users\moon\Desktop\test\monkey\log/MTBF-log/20180613_142656/564444444444444/mtklog_20180613_142802/mnt/sdcard/mtklog/mobilelog/APLog_2018_0102_011832__15/radio_log_2__2018_0102_013230.LoNg
[2018-06-13 14:28:18,816] (thread_564444444444444)(AdbAdapter.java): shell cmd:  C:\Users\moon\Desktop\test\monkey\log\adb -s 564444444444444 pull /mnt/sdcard/mtklog/mobilelog/APLog_2018_0102_011832__15/main_log_1__2018_0102_013230.LoNg C:\Users\moon\Desktop\test\monkey\log/MTBF-log/20180613_142656/564444444444444/mtklog_20180613_142802/mnt/sdcard/mtklog/mobilelog/APLog_2018_0102_011832__15/main_log_1__2018_0102_013230.LoNg
